2023-07-21 23:27:07,753 - INFO - on_startup : Bot started
2023-07-21 23:30:57,529 - INFO - on_shutdown : Bot is Disabled
2023-07-21 23:31:02,480 - INFO - on_startup : Bot started
2023-07-21 23:31:15,205 - INFO - change_task_status : Task's Status changed to done
2023-07-21 23:46:40,394 - INFO - on_shutdown : Bot is Disabled
2023-07-22 00:00:52,263 - INFO - on_startup : Bot started
2023-07-22 00:01:56,580 - INFO - change_task_status : Task's Status changed to done
2023-07-22 00:05:16,136 - INFO - on_shutdown : Bot is Disabled
2023-07-22 00:09:32,746 - INFO - on_startup : Bot started
2023-07-22 00:10:27,009 - INFO - change_task_status : Task's Status changed to done
2023-07-22 00:10:31,506 - INFO - delete_task_from_db : Task Was deleted from Database
2023-07-22 00:10:54,831 - INFO - add_task : Task Added to Database
2023-07-22 00:11:07,572 - INFO - on_shutdown : Bot is Disabled
2023-07-22 00:28:31,638 - INFO - on_startup : Bot started
2023-07-22 00:28:51,515 - INFO - on_shutdown : Bot is Disabled
2023-07-22 00:28:53,910 - INFO - on_startup : Bot started
2023-07-22 00:29:30,491 - INFO - on_shutdown : Bot is Disabled
2023-07-22 00:29:32,945 - INFO - on_startup : Bot started
2023-07-22 00:29:49,400 - INFO - on_shutdown : Bot is Disabled
2023-07-22 00:29:52,027 - INFO - on_startup : Bot started
2023-07-22 00:32:03,726 - INFO - delete_task_from_db : Task Was deleted from Database
2023-07-22 00:32:13,489 - INFO - change_task_status : Task's Status changed to done
2023-07-22 00:32:17,941 - INFO - delete_task_from_db : Task Was deleted from Database
2023-07-22 00:32:17,941 - INFO - delete_task_from_db : Task Was deleted from Database
2023-07-22 00:32:39,121 - INFO - delete_task_from_db : Task Was deleted from Database
2023-07-22 00:32:39,121 - INFO - delete_task_from_db : Task Was deleted from Database
2023-07-22 00:32:39,121 - INFO - delete_task_from_db : Task Was deleted from Database
2023-07-22 00:33:38,613 - INFO - add_task : Task Added to Database
2023-07-22 00:39:46,023 - INFO - on_shutdown : Bot is Disabled
2023-07-22 00:39:48,134 - INFO - on_startup : Bot started
2023-07-22 00:40:11,127 - INFO - on_shutdown : Bot is Disabled
2023-07-22 00:40:14,177 - INFO - on_startup : Bot started
2023-07-22 00:40:51,772 - INFO - on_shutdown : Bot is Disabled
2023-07-22 00:40:54,685 - INFO - on_startup : Bot started
2023-07-22 00:42:09,972 - INFO - add_task : Task Added to Database
2023-07-22 00:42:20,944 - INFO - on_shutdown : Bot is Disabled
2023-07-22 00:42:25,827 - INFO - on_startup : Bot started
2023-07-22 00:42:33,097 - INFO - on_shutdown : Bot is Disabled
2023-07-22 00:42:36,268 - INFO - on_startup : Bot started
2023-07-22 00:43:00,781 - INFO - on_shutdown : Bot is Disabled
2023-07-22 00:43:03,334 - INFO - on_startup : Bot started
2023-07-22 00:43:38,127 - INFO - change_task_status : Task's Status changed to done
2023-07-22 00:44:12,665 - INFO - delete_task_from_db : Task Was deleted from Database
2023-07-22 01:05:03,570 - INFO - on_shutdown : Bot is Disabled
2023-07-22 09:47:31,548 - INFO - on_startup : Bot started
2023-07-22 13:21:15,505 - INFO - on_shutdown : Bot is Disabled
